{"file":"/Users/runner/work/zrok/zrok/cmd/zrok/shareReserved.go:133","func":"main.(*shareReservedCommand).shareLocal","level":"info","msg":"sharing target: 'http://localhost:3001'","time":"2026-04-21T10:04:21.406Z"}
{"file":"/Users/runner/work/zrok/zrok/cmd/zrok/shareReserved.go:148","func":"main.(*shareReservedCommand).shareLocal","level":"info","msg":"using existing backend target: http://localhost:3001","time":"2026-04-21T10:04:21.406Z"}
{"file":"/Users/runner/work/zrok/zrok/cmd/zrok/shareReserved.go:351","func":"main.(*shareReservedCommand).shareLocal","level":"info","msg":"access your zrok share: https://kamakraftdev.share.zrok.io","time":"2026-04-21T10:04:24.334{"file":"/Users/runner/work/zrok/zrok/cmd/zrok/shareReserved.go:359","func":"main.(*shareReservedCommand).shareLocal","level":"info","msg":"[] -\u003e GET /_next/static/chunks/node_modules_next_dist_115brz8._.js","time":"2026-04-21T10:06:56.241Z"}
{"file":"/Users/runner/work/zrok/zrok/cmd/zrok/shareReserved.go:359","func":"main.(*shareReservedCommand).shareLocal","level":"info","msg":"[] -\u003e GET /_next/static/chunks/node_modules_next_dist_compiled_0rpq4pf._.js","time":"2026-04-21T10:06:56.242Z"}
{"file":"/Users/runner/work/zrok/zrok/cmd/zrok/shareReserved.go:359","func":"main.(*shareReservedCommand).shareLocal","level":"info","msg":"[] -\u003e GET /_next/static/chunks/node_modules_next_dist_08qa_.w._.js","time":"2026-04-21T10:06:56.343Z"}
{"file":"/Users/runner/work/zrok/zrok/cmd/zrok/shareReserved.go:359","func":"main.(*shareReservedCommand).shareLocal","level":"info","msg":"[] -\u003e GET /_next/static/chunks/node_modules_%40supabase_postgrest-js_dist_index_mjs_0eu3ylr._.js","time":"2026-04-21T10:06:56.343Z"}
{"file":"/Users/runner/work/zrok/zrok/cmd/zrok/shareReserved.go:359","func":"main.(*shareReservedCommand).shareLocal","level":"info","msg":"[] -\u003e GET /_next/static/chunks/node_modules_08kc0al._.js","time":"2026-04-21T10:06:56.433Z"}
{"file":"/Users/runner/work/zrok/zrok/cmd/zrok/shareReserved.go:359","func":"main.(*shareReservedCommand).shareLocal","level":"info","msg":"[] -\u003e GET /_next/static/chunks/node_modules_%40supabase_auth-js_dist_module_0.pzobh._.js","time":"2026-04-21T10:06:56.440Z"{"file":"/Users/runner/work/zrok/zrok/cmd/zrok/shareReserved.go:359","func":"main.(*shareReservedCommand).shareLocal","level":"info","msg":"[] -\u003e GET /","time":"2026-04-21T10:10:19.735Z"}
{"file":"/Users/runner/work/zrok/zrok/cmd/zrok/shareReserved.go:359","func":"main.(*shareReservedCommand).shareLocal","level":"info","msg":"[] -\u003e GET /_next/image?url=%2Fhero-urin-v4-real-mixed.png\u0026w=3840\u0026q=75","time":"2026-04-21T10:10:20.502Z"}
{"file":"/Users/runner/work/zrok/zrok/cmd/zrok/shareReserved.go:359","func":"main.(*shareReservedCommand).shareLocal","level":"info","msg":"[] -\u003e GET /_next/static/chunks/node_modules_next_dist_115brz8._.js","time":"2026-04-21T10:10:20.624Z"}
{"file":"/Users/runner/work/zrok/zrok/cmd/zrok/shareReserved.go:359","func":"main.(*shareReservedCommand).shareLocal","level":"info","msg":"[] -\u003e GET /_next/static/chunks/node_modules_next_dist_08qa_.w._.js","time":"2026-04-21T10:10:20.756Z"}
{"file":"/Users/runner/work/zrok/zrok/cmd/zrok/shareReserved.go:359","func":"main.(*shareReservedCommand).shareLocal","level":"info","msg":"[] -\u003e GET /_next/static/chunks/node_modules_%40supabase_auth-js_dist_module_0.pzobh._.js","time":"2026-04-21T10:10:20.857Z"}
{"file":"/Users/runner/work/zrok/zrok/cmd/zrok/shareReserved.go:359","func":"main.(*shareReservedCommand).shareLocal","level":"info","msg":"[] -\u003e GET /_next/static/chunks/src_app_page_tsx_0e729ee._.js","time":"2026-04-21T10:10:20.961Z"}
{"file":"/Users/runner/work/zrok/zrok/cmd/zrok/shareReserved.go:359","func":"main.(*shareReservedCommand).shareLocal","level":"info","msg":"[] -\u003e GET /_next/static/chunks/src_app_layout_tsx_004glpo._.js","time":"2026-04-21T10:10:21.046Z"}
{"file":"/Users/runner/work/zrok/zrok/cmd/zrok/shareReserved.go:359","func":"main.(*shareReservedCommand).shareLocal","level":"info","msg":"[] -\u003e GET /_next/webpack-hmr?id=hsI0sxq7pOPdRN2hGLTom","time":"2026-04-21T10:10:22.218Z"}
{"file":"/Users/runner/work/zrok/zrok/endpoints/proxy/backend.go:106","func":"github.com/openziti/zrok/endpoints/proxy.newReverseProxy.func2","level":"error","msg":"error proxying: net/http: HTTP/1.x transport connection broken: malformed HTTP response \"Unauthorized\"","time":"2026-04-21T10:10:22.223Z"}
{"file":"/Users/runner/work/zrok/zrok/cmd/zrok/shareReserved.go:359","func":"main.(*shareReservedCommand).shareLocal","level":"info","msg":"[] -\u003e GET /_next/webpack-hmr?id=hsI0sxq7pOPdRN2hGLTom","time":"2026-04-21T10:10:23.700Z"}
{"file":"/Users/runner/work/zrok/zrok/endpoints/proxy/backend.go:106","func":"github.com/openziti/zrok/endpoints/proxy.newReverseProxy.func2","level":"error","msg":"error proxying: net/http: HTTP/1.x transport connection broken: malformed HTTP response \"Unauthorized\"","time":"2026-04-21T10:10:23.702Z"}
{"file":"/Users/runner/work/zrok/zrok/cmd/zrok/shareReserved.go:359","func":"main.(*shareReservedCommand).shareLocal","level":"info","msg":"[] -\u003e GET /_next/webpack-hmr?id=hsI0sxq7pOPdRN2hGLTom","time":"2026-04-21T10:10:25.126Z"}
{"file":"/Users/runner/work/zrok/zrok/endpoints/proxy/backend.go:106","func":"github.com/openziti/zrok/endpoints/proxy.newReverseProxy.func2","level":"error","msg":"error proxying: net/http: HTTP/1.x transport connection broken: malformed HTTP response \"Unauthorized\"","time":"2026-04-21T10:10:25.128Z"}
{"file":"/Users/runner/work/zrok/zrok/cmd/zrok/shareReserved.go:359","func":"main.(*shareReservedCommand).shareLocal","level":"info","msg":"[] -\u003e GET /products/urin-v-leg","time":"2026-04-21T10:13:54.642Z"}
{"file":"/Users/runner/work/zrok/zrok/cmd/zrok/shareReserved.go:359","func":"main.(*shareReservedCommand).shareLocal","level":"info","msg":"[] -\u003e GET /_next/static/chunks/%5Broot-of-the-server%5D__02nfq85._.css","time":"2026-04-21T10:13:54.986Z"}
{"file":"/Users/runner/work/zrok/zrok/cmd/zrok/shareReserved.go:359","func":"main.(*shareReservedCommand).shareLocal","level":"info","msg":"[] -\u003e GET /_next/static/chunks/node_modules_next_dist_compiled_next-devtools_index_0553esy.js","time":"2026-04-21T10:13:55.073Z"}
{"file":"/Users/runner/work/zrok/zrok/cmd/zrok/shareReserved.go:359","func":"main.(*shareReservedCommand).shareLocal","level":"info","msg":"[] -\u003e GET /_next/static/chunks/node_modules_next_dist_compiled_0rpq4pf._.js","time":"2026-04-21T10:13:55.157Z"}
{"file":"/Users/runner/work/zrok/zrok/cmd/zrok/shareReserved.go:359","func":"main.(*shareReservedCommand).shareLocal","level":"info","msg":"[] -\u003e GET /_next/static/chunks/node_modules_%40swc_helpers_cjs_0-4ujiy._.js","time":"2026-04-21T10:13:55.252Z"}
{"file":"/Users/runner/work/zrok/zrok/cmd/zrok/shareReserved.go:359","func":"main.(*shareReservedCommand).shareLocal","level":"info","msg":"[] -\u003e GET /_next/static/chunks/_0rqeker._.js","time":"2026-04-21T10:13:55.339Z"}
{"file":"/Users/runner/work/zrok/zrok/cmd/zrok/shareReserved.go:359","func":"main.(*shareReservedCommand).shareLocal","level":"info","msg":"[] -\u003e GET /_next/static/chunks/node_modules_next_dist_08qa_.w._.js","time":"2026-04-21T10:13:55.433Z"}
{"file":"/Users/runner/work/zrok/zrok/cmd/zrok/shareReserved.go:359","func":"main.(*shareReservedCommand).shareLocal","level":"info","msg":"[] -\u003e GET /_next/static/chunks/node_modules_%40supabase_postgrest-js_dist_index_mjs_0eu3ylr._.js","time":"2026-04-21T10:13:55.535Z"}
{"file":"/Users/runner/work/zrok/zrok/cmd/zrok/shareReserved.go:359","func":"main.(*shareReservedCommand).shareLocal","level":"info","msg":"[] -\u003e GET /_next/webpack-hmr?id=NGtO23BGQDWlQzLUVuU2J","time":"2026-04-21T10:13:56.501Z"}
{"file":"/Users/runner/work/zrok/zrok/endpoints/proxy/backend.go:106","func":"github.com/openziti/zrok/endpoints/proxy.newReverseProxy.func2","level":"error","msg":"error proxying: net/http: HTTP/1.x transport connection broken: malformed HTTP response \"Unauthorized\"","time":"2026-04-21T10:13:56.504Z"}
